#-----------------------------------------------------------
# Vivado v2017.1 (64-bit)
# SW Build 1846317 on Fri Apr 14 18:55:03 MDT 2017
# IP Build 1846188 on Fri Apr 14 20:52:08 MDT 2017
# Start of session at: Thu Jun 22 20:18:38 2017
# Process ID: 6868
# Current directory: C:/Document/vivado各次试验/project_2.3
# Command line: vivado.exe -gui_launcher_event rodinguilauncherevent8820 C:\Document\vivado各次试验\project_2.3\project_2.3.xpr
# Log file: C:/Document/vivado各次试验/project_2.3/vivado.log
# Journal file: C:/Document/vivado各次试验/project_2.3\vivado.jou
#-----------------------------------------------------------
start_gui
open_project C:/Document/vivado各次试验/project_2.3/project_2.3.xpr
INFO: [Project 1-313] Project file moved from 'F:/OneDrive/VivadoProject/project_2.3' since last save.
Scanning sources...
Finished scanning sources
INFO: [IP_Flow 19-234] Refreshing IP repositories
INFO: [IP_Flow 19-1704] No user IP repositories specified
INFO: [IP_Flow 19-2313] Loaded Vivado IP repository 'C:/SoftWare/Vivado/NewInstall/Vivado/2017.1/data/ip'.
open_project: Time (s): cpu = 00:00:14 ; elapsed = 00:00:06 . Memory (MB): peak = 846.820 ; gain = 125.094
update_compile_order -fileset sources_1
exit
INFO: [Common 17-206] Exiting Vivado at Thu Jun 22 20:21:00 2017...
