Unable to capture context for thread 12256 in process 1492, can not generate back trace
Unable to capture context for thread 9900 in process 1492, can not generate back trace
Exception at PC 0x00007FFC9AD59E08
Unable to capture context for thread 12256 in process 1492, can not generate back trace
Unable to capture context for thread 14476 in process 1492, can not generate back trace
Exception at PC 0x00007FFC67C4BB93
Printing stacktrace...

Unable to capture context for thread 14476 in process 1492, can not generate back trace
Exception at PC 0x00007FFC9AD59E08
Exception at PC 0x00007FFC9AD59E08
Exception at PC 0x00007FFC9AD59E08
Exception at PC 0x00007FFC9AD59E08
Exception at PC 0x00007FFC9AD59E08
Exception at PC 0x00007FFC9AD59E08
Exception at PC 0x00007FFC9AD59E08
Exception at PC 0x00007FFC9AD59E08
Exception at PC 0x00007FFC9AD59E08
Exception at PC 0x00007FFC9AD59E08
Exception at PC 0x00007FFC9AD59E08
Exception at PC 0x00007FFC9AD59E08
Exception at PC 0x00007FFC9AD59E08
Exception at PC 0x00007FFC9AD59E08
Exception at PC 0x00007FFC9AD59E08
Exception at PC 0x00007FFC9AD59E08
Exception at PC 0x00007FFC9AD59E08
[0]  [0x00007FFC67C4BB93]
[1]  [0x00007FFC67C4BB93]
[2]  [0x00007FFC67C4B4A1]
[3]  [0x00007FFC67C4B3EF]
[4]  [0x00007FFC67C319FE]
[5]  [0x00007FFC67C30ED1]
[6]  [0x00007FFC67C30D76]
[7]  [0x00007FFC67BD79F6]
[8]  [0x00007FFC67BC7AFB]
[9]  [0x00007FFC67CEE90A]
[10]  [0x00007FFC67D09F87]
[11]  [0x00007FFC67D0A05F]
[12] (BaseThreadInitThunk+0x14) [0x00007FFC9C822774]
[13] (RtlUserThreadStart+0x21) [0x00007FFC9E220D61]
Done
Exception at PC 0x00007FFC67951A52
Attemped to write at address 0x00007FFC5FEE9BA4
Printing stacktrace...

[0]  [0x00007FFC67951A52]
[1]  [0x00007FFC67951A52]
[2]  [0x00007FFC67951AD4]
[3]  [0x00007FFC67A93FF7]
[4]  [0x00007FFC67979128]
[5]  [0x00007FFC67C2DFB9]
[6]  [0x00007FFC67DFEF23]
[7]  [0x00007FFC67D0B06B]
[8]  [0x00007FFC67D008AF]
[9]  [0x00007FFC67D00A32]
[10] (RtlDeactivateActivationContextUnsafeFast+0x1af) [0x00007FFC9E1D486F]
[11] (LdrShutdownProcess+0x12c) [0x00007FFC9E1FD44C]
[12] (RtlExitUserProcess+0xb4) [0x00007FFC9E1FD304]
[13] (FatalExit+0xa) [0x00007FFC9C82C0DA]
[14] (exit+0x75) [0x00007FFC9BECA045]
[15] (initterm_e+0x21d) [0x00007FFC9BECA68D]
[16]  [0x00000000004014CD]
[17]  [0x000000000040151B]
[18] (BaseThreadInitThunk+0x14) [0x00007FFC9C822774]
[19] (RtlUserThreadStart+0x21) [0x00007FFC9E220D61]
Done
