#-----------------------------------------------------------
# Vivado v2017.1 (64-bit)
# SW Build 1846317 on Fri Apr 14 18:55:03 MDT 2017
# IP Build 1846188 on Fri Apr 14 20:52:08 MDT 2017
# Start of session at: Thu Jun 22 20:17:39 2017
# Process ID: 6992
# Current directory: C:/Document/vivado各次试验/project_2.2
# Command line: vivado.exe -gui_launcher_event rodinguilauncherevent14268 C:\Document\vivado各次试验\project_2.2\project_2.2.xpr
# Log file: C:/Document/vivado各次试验/project_2.2/vivado.log
# Journal file: C:/Document/vivado各次试验/project_2.2\vivado.jou
#-----------------------------------------------------------
start_gui
open_project C:/Document/vivado各次试验/project_2.2/project_2.2.xpr
INFO: [Project 1-313] Project file moved from 'F:/OneDrive/VivadoProject/project_2.2' since last save.
Scanning sources...
Finished scanning sources
INFO: [IP_Flow 19-234] Refreshing IP repositories
INFO: [IP_Flow 19-1704] No user IP repositories specified
INFO: [IP_Flow 19-2313] Loaded Vivado IP repository 'C:/SoftWare/Vivado/NewInstall/Vivado/2017.1/data/ip'.
open_project: Time (s): cpu = 00:00:16 ; elapsed = 00:00:08 . Memory (MB): peak = 829.016 ; gain = 88.277
update_compile_order -fileset sources_1
exit
INFO: [Common 17-206] Exiting Vivado at Thu Jun 22 20:20:48 2017...
